<?xml version="1.0" encoding="UTF-8"?>
<testsuite xmlns:xsi="http://www.w3.org/2001/XMLSchema-instance" xsi:noNamespaceSchemaLocation="https://maven.apache.org/surefire/maven-surefire-plugin/xsd/surefire-test-report.xsd" name="tp.warcaby.serwer.ClassicLogicTest" time="0.085" tests="15" errors="0" skipped="0" failures="0">
  <properties>
    <property name="java.specification.version" value="17"/>
    <property name="sun.jnu.encoding" value="UTF-8"/>
    <property name="java.class.path" value="/home/denis/Desktop/tp-project/serwer/target/test-classes:/home/denis/Desktop/tp-project/serwer/target/classes:/home/denis/.m2/repository/junit/junit/4.11/junit-4.11.jar:/home/denis/.m2/repository/org/hamcrest/hamcrest-core/1.3/hamcrest-core-1.3.jar:"/>
    <property name="java.vm.vendor" value="Private Build"/>
    <property name="sun.arch.data.model" value="64"/>
    <property name="java.vendor.url" value="Unknown"/>
    <property name="os.name" value="Linux"/>
    <property name="java.vm.specification.version" value="17"/>
    <property name="sun.java.launcher" value="SUN_STANDARD"/>
    <property name="user.country" value="US"/>
    <property name="sun.boot.library.path" value="/usr/lib/jvm/java-17-openjdk-amd64/lib"/>
    <property name="sun.java.command" value="/home/denis/Desktop/tp-project/serwer/target/surefire/surefirebooter15472059127731975499.jar /home/denis/Desktop/tp-project/serwer/target/surefire 2023-01-16T11-24-50_534-jvmRun1 surefire348597892747391680tmp surefire_0900898203732845378tmp"/>
    <property name="jdk.debug" value="release"/>
    <property name="surefire.test.class.path" value="/home/denis/Desktop/tp-project/serwer/target/test-classes:/home/denis/Desktop/tp-project/serwer/target/classes:/home/denis/.m2/repository/junit/junit/4.11/junit-4.11.jar:/home/denis/.m2/repository/org/hamcrest/hamcrest-core/1.3/hamcrest-core-1.3.jar:"/>
    <property name="sun.cpu.endian" value="little"/>
    <property name="user.home" value="/home/denis"/>
    <property name="user.language" value="en"/>
    <property name="java.specification.vendor" value="Oracle Corporation"/>
    <property name="java.version.date" value="2022-10-18"/>
    <property name="java.home" value="/usr/lib/jvm/java-17-openjdk-amd64"/>
    <property name="file.separator" value="/"/>
    <property name="basedir" value="/home/denis/Desktop/tp-project/serwer"/>
    <property name="java.vm.compressedOopsMode" value="32-bit"/>
    <property name="line.separator" value="&#10;"/>
    <property name="java.vm.specification.vendor" value="Oracle Corporation"/>
    <property name="java.specification.name" value="Java Platform API Specification"/>
    <property name="surefire.real.class.path" value="/home/denis/Desktop/tp-project/serwer/target/surefire/surefirebooter15472059127731975499.jar"/>
    <property name="sun.management.compiler" value="HotSpot 64-Bit Tiered Compilers"/>
    <property name="java.runtime.version" value="17.0.5+8-Ubuntu-2ubuntu122.04"/>
    <property name="user.name" value="denis"/>
    <property name="path.separator" value=":"/>
    <property name="os.version" value="5.15.0-58-generic"/>
    <property name="java.runtime.name" value="OpenJDK Runtime Environment"/>
    <property name="file.encoding" value="UTF-8"/>
    <property name="java.vm.name" value="OpenJDK 64-Bit Server VM"/>
    <property name="localRepository" value="/home/denis/.m2/repository"/>
    <property name="java.vendor.url.bug" value="Unknown"/>
    <property name="java.io.tmpdir" value="/tmp"/>
    <property name="java.version" value="17.0.5"/>
    <property name="user.dir" value="/home/denis/Desktop/tp-project/serwer"/>
    <property name="os.arch" value="amd64"/>
    <property name="java.vm.specification.name" value="Java Virtual Machine Specification"/>
    <property name="native.encoding" value="UTF-8"/>
    <property name="java.library.path" value="/usr/java/packages/lib:/usr/lib/x86_64-linux-gnu/jni:/lib/x86_64-linux-gnu:/usr/lib/x86_64-linux-gnu:/usr/lib/jni:/lib:/usr/lib"/>
    <property name="java.vm.info" value="mixed mode, sharing"/>
    <property name="java.vendor" value="Private Build"/>
    <property name="java.vm.version" value="17.0.5+8-Ubuntu-2ubuntu122.04"/>
    <property name="sun.io.unicode.encoding" value="UnicodeLittle"/>
    <property name="java.class.version" value="61.0"/>
  </properties>
  <testcase name="getTurnTest" classname="tp.warcaby.serwer.ClassicLogicTest" time="0.012"/>
  <testcase name="isFinishedTest" classname="tp.warcaby.serwer.ClassicLogicTest" time="0.012"/>
  <testcase name="deDuplicateMovesTest" classname="tp.warcaby.serwer.ClassicLogicTest" time="0"/>
  <testcase name="currentBestMovesTest" classname="tp.warcaby.serwer.ClassicLogicTest" time="0.001"/>
  <testcase name="RespondTest" classname="tp.warcaby.serwer.ClassicLogicTest" time="0.014"/>
  <testcase name="moveEndedTest" classname="tp.warcaby.serwer.ClassicLogicTest" time="0.001"/>
  <testcase name="whiteRespondTest" classname="tp.warcaby.serwer.ClassicLogicTest" time="0"/>
  <testcase name="QueenMovesTest" classname="tp.warcaby.serwer.ClassicLogicTest" time="0"/>
  <testcase name="isEmptyTest" classname="tp.warcaby.serwer.ClassicLogicTest" time="0"/>
  <testcase name="createBestMovesTest" classname="tp.warcaby.serwer.ClassicLogicTest" time="0.009"/>
  <testcase name="repetitionCheckTest" classname="tp.warcaby.serwer.ClassicLogicTest" time="0.003"/>
  <testcase name="blackRespondTest" classname="tp.warcaby.serwer.ClassicLogicTest" time="0"/>
  <testcase name="fetchMoveTest" classname="tp.warcaby.serwer.ClassicLogicTest" time="0.001"/>
  <testcase name="ConstructorTest" classname="tp.warcaby.serwer.ClassicLogicTest" time="0"/>
  <testcase name="getWinnerTest" classname="tp.warcaby.serwer.ClassicLogicTest" time="0.005"/>
</testsuite>